<?xml version="1.0" encoding="UTF-8"?>
<testng-results skipped="0" failed="0" ignored="0" total="1" passed="1">
  <reporter-output>
  </reporter-output>
  <suite name="Default suite" duration-ms="43456" started-at="2023-01-08T12:17:00 IST" finished-at="2023-01-08T12:17:43 IST">
    <groups>
    </groups>
    <test name="Default test" duration-ms="43456" started-at="2023-01-08T12:17:00 IST" finished-at="2023-01-08T12:17:43 IST">
      <class name="orangeHRM.TC_2">
        <test-method status="PASS" signature="browserLauch()[pri:0, instance:orangeHRM.TC_2@37d31475]" name="browserLauch" is-config="true" duration-ms="26111" started-at="2023-01-08T12:17:00 IST" finished-at="2023-01-08T12:17:26 IST">
          <reporter-output>
          </reporter-output>
        </test-method> <!-- browserLauch -->
        <test-method status="PASS" signature="Test2()[pri:0, instance:orangeHRM.TC_2@37d31475]" name="Test2" duration-ms="17251" started-at="2023-01-08T12:17:26 IST" finished-at="2023-01-08T12:17:43 IST">
          <reporter-output>
          </reporter-output>
        </test-method> <!-- Test2 -->
      </class> <!-- orangeHRM.TC_2 -->
    </test> <!-- Default test -->
  </suite> <!-- Default suite -->
</testng-results>
